     1:*FILOS
     2:INITIA
 FILOS FILE INITIALIZED
 DI= 150   BF= 4096  16384   65536   262144   1048576
     3:*INPUT
 /DIANA/DC/ST33    16:28:36      0.09-CPU     0.16-IO        7-FA   BEGIN 
     4:*EIGEN
     5: BEGIN TYPE
     6:  FREEVI
     7: END TYPE
     8: BEGIN EXECUT
     9:  METHOD ARNOLD
    10:  PARDIS
    11:  NMODES=3
    12:  MAXITE=100
    13:  TOLERA=1E-06
    14: END EXECUT
    15: BEGIN OUTPUT TABULA
    16:  DIGITS RESULT 8
    17:  DISPLA
    18: END OUTPUT
    19:*END
0
              $$$$$$$    $$$$$$$$     $$     $$$     $$     $$
              $$$$$$$$$  $$$$$$$$     $$     $$$$    $$     $$
              $$     $$     $$       $$$$    $$$$    $$    $$$$
              $$      $$    $$       $$$$    $$ $$   $$    $$$$
              $$      $$    $$      $$  $$   $$ $$$  $$   $$  $$
              $$      $$    $$      $$  $$   $$  $$$ $$   $$  $$
              $$      $$    $$     $$$$$$$$  $$   $$ $$  $$$$$$$$
              $$     $$     $$     $$$$$$$$  $$    $$$$  $$$$$$$$
              $$$$$$$$$  $$$$$$$$ $$      $$ $$    $$$$ $$      $$
              $$$$$$$    $$$$$$$$ $$      $$ $$     $$$ $$      $$



 ****************************************************************************************
 ****************************************************************************************
 ***                                                                                  ***
 ***                                                                                  ***
 ****************************************************************************************
 ****************************************************************************************
 *** DIANA RELEASE 10.3  LATEST UPDATE: 2019-09-06 17:58:11                           ***
 ****************************************************************************************
1
 /DIANA/AP/IN51    16:28:37      0.52-CPU     0.41-IO       83-FA   BEGIN 
 /DIANA/AP/EI41    16:28:37      1.00-CPU     0.62-IO      108-FA   BEGIN 
     ELEM. STIFFNESS STORED.
     CONSIST. EL.MASS STORED.
     DYNAMIC STRUCTURAL MASS  TM=   0.224E+04
      SPARSE: DIM=8 NNZ(MAT)=24
  
          3 EIGENVALUES FOUND AFTER    1 ITERATIONS
  
     EIGEN-FREQUENCIES:
     0.38783E+02(  1)    0.78585E+02(  2)    0.10740E+03(  3)
  
     RELATIVE ERROR ||R|| / ||Kx||:
     0.12428E-14(  1)    0.11185E-14(  2)    0.17488E-14(  3)
  
     MODE      FREQUENCY       GEN. MASS     PARTICIPATION
        1     0.38783E+02     0.10000E+01     0.30287E+02
        2     0.78585E+02     0.10000E+01    -0.22000E+02
        3     0.10740E+03     0.10000E+01    -0.92014E+01
  
     MODE      FREQUENCY      PART.FAC.TX     PART.FAC.TY     PART.FAC.TZ
        1     0.38783E+02     0.14010E+02    -0.18534E+02     0.00000E+00
        2     0.78585E+02    -0.21720E+02     0.48321E+00     0.00000E+00
        3     0.10740E+03    -0.64662E+01     0.81474E+01     0.00000E+00
  
     MODE      FREQUENCY      EFF.MASS TX     PERCENTAGE      CUM.PERCENT.
        1     0.38783E+02     0.19629E+03     0.87661E+01     0.87661E+01
        2     0.78585E+02     0.47175E+03     0.21068E+02     0.29834E+02
        3     0.10740E+03     0.41812E+02     0.18673E+01     0.31702E+02
  
     MODE      FREQUENCY      EFF.MASS TY     PERCENTAGE      CUM.PERCENT.
        1     0.38783E+02     0.34350E+03     0.15341E+02     0.15341E+02
        2     0.78585E+02     0.23349E+00     0.10428E-01     0.15351E+02
        3     0.10740E+03     0.66380E+02     0.29645E+01     0.18316E+02
  
     MODE      FREQUENCY      EFF.MASS TZ     PERCENTAGE      CUM.PERCENT.
        1     0.38783E+02     0.00000E+00     0.00000E+00     0.00000E+00
        2     0.78585E+02     0.00000E+00     0.00000E+00     0.00000E+00
        3     0.10740E+03     0.00000E+00     0.00000E+00     0.00000E+00
  
     MODE      FREQUENCY      MODAL MASS      PERCENTAGE
        1     0.38783E+02     0.19289E+03     0.86141E+01
        2     0.78585E+02     0.97015E+02     0.43326E+01
        3     0.10740E+03     0.26945E+02     0.12034E+01
  
     MODE      FREQUENCY      EQ.MASS TX      EQ.MASS TY      EQ.MASS TZ
        1     0.38783E+02     0.19458E+03     0.25740E+03     0.00000E+00
        2     0.78585E+02     0.21393E+03     0.47594E+01     0.00000E+00
        3     0.10740E+03     0.33565E+02     0.42292E+02     0.00000E+00
  
     MODE      FREQUENCY      TRAN.FAC.TX     TRAN.FAC.TY     TRAN.FAC.TZ
        1     0.38783E+02     0.10088E+01     0.13345E+01     0.00000E+00
        2     0.78585E+02     0.22052E+01     0.49059E-01     0.00000E+00
        3     0.10740E+03     0.12457E+01     0.15696E+01     0.00000E+00
  
      TABULA file TenBarTrussFrequencyDIANA.tb opened
 /DIANA/DC/END     16:28:38      1.16-CPU     0.75-IO      275-FA   STOP  
 Elapsed time: 2 seconds
